<?xml version="1.0" encoding="UTF-8"?>
<coverage generated="1686583906097" clover="3.2.0">
  <project timestamp="1686583906097" name="All files">
    <metrics statements="71" coveredstatements="67" conditionals="44" coveredconditionals="39" methods="21" coveredmethods="21" elements="136" coveredelements="127" complexity="0" loc="71" ncloc="71" packages="2" files="7" classes="7"/>
    <package name="src">
      <metrics statements="31" coveredstatements="30" conditionals="15" coveredconditionals="14" methods="7" coveredmethods="7"/>
      <file name="buildTree.js" path="/home/admin1/frontend-project-46/src/buildTree.js">
        <metrics statements="15" coveredstatements="15" conditionals="10" coveredconditionals="10" methods="2" coveredmethods="2"/>
        <line num="3" count="1" type="stmt"/>
        <line num="4" count="60" type="stmt"/>
        <line num="5" count="60" type="stmt"/>
        <line num="7" count="60" type="stmt"/>
        <line num="9" count="60" type="stmt"/>
        <line num="10" count="216" type="cond" truecount="2" falsecount="0"/>
        <line num="11" count="24" type="stmt"/>
        <line num="13" count="192" type="cond" truecount="2" falsecount="0"/>
        <line num="14" count="60" type="stmt"/>
        <line num="16" count="132" type="cond" truecount="4" falsecount="0"/>
        <line num="17" count="48" type="stmt"/>
        <line num="19" count="84" type="cond" truecount="2" falsecount="0"/>
        <line num="20" count="36" type="stmt"/>
        <line num="22" count="48" type="stmt"/>
        <line num="26" count="60" type="stmt"/>
      </file>
      <file name="index.js" path="/home/admin1/frontend-project-46/src/index.js">
        <metrics statements="7" coveredstatements="7" conditionals="1" coveredconditionals="1" methods="1" coveredmethods="1"/>
        <line num="6" count="1" type="cond" truecount="1" falsecount="0"/>
        <line num="7" count="12" type="stmt"/>
        <line num="8" count="12" type="stmt"/>
        <line num="9" count="12" type="stmt"/>
        <line num="10" count="12" type="stmt"/>
        <line num="11" count="12" type="stmt"/>
        <line num="12" count="12" type="stmt"/>
      </file>
      <file name="parsers.js" path="/home/admin1/frontend-project-46/src/parsers.js">
        <metrics statements="6" coveredstatements="5" conditionals="4" coveredconditionals="3" methods="1" coveredmethods="1"/>
        <line num="3" count="1" type="stmt"/>
        <line num="4" count="24" type="cond" truecount="3" falsecount="1"/>
        <line num="6" count="8" type="stmt"/>
        <line num="8" count="8" type="stmt"/>
        <line num="10" count="8" type="stmt"/>
        <line num="12" count="0" type="stmt"/>
      </file>
      <file name="utils.js" path="/home/admin1/frontend-project-46/src/utils.js">
        <metrics statements="3" coveredstatements="3" conditionals="0" coveredconditionals="0" methods="3" coveredmethods="3"/>
        <line num="4" count="24" type="stmt"/>
        <line num="5" count="24" type="stmt"/>
        <line num="6" count="24" type="stmt"/>
      </file>
    </package>
    <package name="src.formatter">
      <metrics statements="40" coveredstatements="37" conditionals="29" coveredconditionals="25" methods="14" coveredmethods="14"/>
      <file name="index.js" path="/home/admin1/frontend-project-46/src/formatter/index.js">
        <metrics statements="6" coveredstatements="5" conditionals="4" coveredconditionals="3" methods="1" coveredmethods="1"/>
        <line num="4" count="1" type="stmt"/>
        <line num="5" count="12" type="cond" truecount="3" falsecount="1"/>
        <line num="7" count="6" type="stmt"/>
        <line num="9" count="3" type="stmt"/>
        <line num="11" count="3" type="stmt"/>
        <line num="13" count="0" type="stmt"/>
      </file>
      <file name="plain.js" path="/home/admin1/frontend-project-46/src/formatter/plain.js">
        <metrics statements="16" coveredstatements="15" conditionals="13" coveredconditionals="12" methods="7" coveredmethods="7"/>
        <line num="3" count="45" type="stmt"/>
        <line num="4" count="12" type="stmt"/>
        <line num="5" count="39" type="cond" truecount="2" falsecount="0"/>
        <line num="6" count="39" type="cond" truecount="4" falsecount="0"/>
        <line num="8" count="1" type="stmt"/>
        <line num="9" count="3" type="cond" truecount="1" falsecount="0"/>
        <line num="10" count="15" type="stmt"/>
        <line num="11" count="54" type="cond" truecount="5" falsecount="1"/>
        <line num="13" count="15" type="stmt"/>
        <line num="15" count="6" type="stmt"/>
        <line num="17" count="9" type="stmt"/>
        <line num="19" count="12" type="stmt"/>
        <line num="21" count="12" type="stmt"/>
        <line num="23" count="0" type="stmt"/>
        <line num="26" count="15" type="stmt"/>
        <line num="28" count="3" type="stmt"/>
      </file>
      <file name="stylish.js" path="/home/admin1/frontend-project-46/src/formatter/stylish.js">
        <metrics statements="18" coveredstatements="17" conditionals="12" coveredconditionals="10" methods="6" coveredmethods="6"/>
        <line num="3" count="252" type="cond" truecount="2" falsecount="0"/>
        <line num="5" count="1" type="cond" truecount="0" falsecount="1"/>
        <line num="6" count="162" type="cond" truecount="2" falsecount="0"/>
        <line num="7" count="120" type="stmt"/>
        <line num="9" count="54" type="stmt"/>
        <line num="10" count="42" type="stmt"/>
        <line num="12" count="1" type="stmt"/>
        <line num="13" count="6" type="cond" truecount="1" falsecount="0"/>
        <line num="14" count="30" type="stmt"/>
        <line num="15" count="108" type="cond" truecount="5" falsecount="1"/>
        <line num="17" count="24" type="stmt"/>
        <line num="19" count="30" type="stmt"/>
        <line num="21" count="12" type="stmt"/>
        <line num="23" count="18" type="stmt"/>
        <line num="25" count="24" type="stmt"/>
        <line num="27" count="0" type="stmt"/>
        <line num="30" count="30" type="stmt"/>
        <line num="32" count="6" type="stmt"/>
      </file>
    </package>
  </project>
</coverage>
