{"/home/admin1/frontend-project-46/src/buildTree.js": {"path":"/home/admin1/frontend-project-46/src/buildTree.js","statementMap":{"0":{"start":{"line":3,"column":18},"end":{"line":27,"column":1}},"1":{"start":{"line":4,"column":17},"end":{"line":4,"column":37}},"2":{"start":{"line":5,"column":17},"end":{"line":5,"column":37}},"3":{"start":{"line":7,"column":15},"end":{"line":7,"column":64}},"4":{"start":{"line":9,"column":15},"end":{"line":25,"column":4}},"5":{"start":{"line":10,"column":4},"end":{"line":12,"column":5}},"6":{"start":{"line":11,"column":6},"end":{"line":11,"column":66}},"7":{"start":{"line":13,"column":4},"end":{"line":15,"column":5}},"8":{"start":{"line":14,"column":6},"end":{"line":14,"column":64}},"9":{"start":{"line":16,"column":4},"end":{"line":18,"column":5}},"10":{"start":{"line":17,"column":6},"end":{"line":17,"column":92}},"11":{"start":{"line":19,"column":4},"end":{"line":21,"column":5}},"12":{"start":{"line":20,"column":6},"end":{"line":20,"column":68}},"13":{"start":{"line":22,"column":4},"end":{"line":24,"column":6}},"14":{"start":{"line":26,"column":2},"end":{"line":26,"column":14}}},"fnMap":{"0":{"name":"(anonymous_0)","decl":{"start":{"line":3,"column":18},"end":{"line":3,"column":19}},"loc":{"start":{"line":3,"column":40},"end":{"line":27,"column":1}},"line":3},"1":{"name":"(anonymous_1)","decl":{"start":{"line":9,"column":24},"end":{"line":9,"column":25}},"loc":{"start":{"line":9,"column":33},"end":{"line":25,"column":3}},"line":9}},"branchMap":{"0":{"loc":{"start":{"line":10,"column":4},"end":{"line":12,"column":5}},"type":"if","locations":[{"start":{"line":10,"column":4},"end":{"line":12,"column":5}},{"start":{},"end":{}}],"line":10},"1":{"loc":{"start":{"line":13,"column":4},"end":{"line":15,"column":5}},"type":"if","locations":[{"start":{"line":13,"column":4},"end":{"line":15,"column":5}},{"start":{},"end":{}}],"line":13},"2":{"loc":{"start":{"line":16,"column":4},"end":{"line":18,"column":5}},"type":"if","locations":[{"start":{"line":16,"column":4},"end":{"line":18,"column":5}},{"start":{},"end":{}}],"line":16},"3":{"loc":{"start":{"line":16,"column":8},"end":{"line":16,"column":58}},"type":"binary-expr","locations":[{"start":{"line":16,"column":8},"end":{"line":16,"column":31}},{"start":{"line":16,"column":35},"end":{"line":16,"column":58}}],"line":16},"4":{"loc":{"start":{"line":19,"column":4},"end":{"line":21,"column":5}},"type":"if","locations":[{"start":{"line":19,"column":4},"end":{"line":21,"column":5}},{"start":{},"end":{}}],"line":19}},"s":{"0":1,"1":60,"2":60,"3":60,"4":60,"5":216,"6":24,"7":192,"8":60,"9":132,"10":48,"11":84,"12":36,"13":48,"14":60},"f":{"0":60,"1":216},"b":{"0":[24,192],"1":[60,132],"2":[48,84],"3":[132,60],"4":[36,48]},"_coverageSchema":"1a1c01bbd47fc00a2c39e90264f33305004495a9","hash":"7a45d785d16c87ae8128a97a4434ec215e6758e1"}
,"/home/admin1/frontend-project-46/src/index.js": {"path":"/home/admin1/frontend-project-46/src/index.js","statementMap":{"0":{"start":{"line":6,"column":16},"end":{"line":13,"column":1}},"1":{"start":{"line":7,"column":16},"end":{"line":7,"column":35}},"2":{"start":{"line":8,"column":16},"end":{"line":8,"column":35}},"3":{"start":{"line":9,"column":15},"end":{"line":9,"column":49}},"4":{"start":{"line":10,"column":15},"end":{"line":10,"column":49}},"5":{"start":{"line":11,"column":15},"end":{"line":11,"column":36}},"6":{"start":{"line":12,"column":2},"end":{"line":12,"column":33}}},"fnMap":{"0":{"name":"(anonymous_0)","decl":{"start":{"line":6,"column":16},"end":{"line":6,"column":17}},"loc":{"start":{"line":6,"column":62},"end":{"line":13,"column":1}},"line":6}},"branchMap":{"0":{"loc":{"start":{"line":6,"column":39},"end":{"line":6,"column":57}},"type":"default-arg","locations":[{"start":{"line":6,"column":48},"end":{"line":6,"column":57}}],"line":6}},"s":{"0":1,"1":12,"2":12,"3":12,"4":12,"5":12,"6":12},"f":{"0":12},"b":{"0":[3]},"_coverageSchema":"1a1c01bbd47fc00a2c39e90264f33305004495a9","hash":"4cfb56c84415f91ebcf37e1a188882be30f48fda"}
,"/home/admin1/frontend-project-46/src/parsers.js": {"path":"/home/admin1/frontend-project-46/src/parsers.js","statementMap":{"0":{"start":{"line":3,"column":14},"end":{"line":14,"column":1}},"1":{"start":{"line":4,"column":2},"end":{"line":13,"column":3}},"2":{"start":{"line":6,"column":6},"end":{"line":6,"column":30}},"3":{"start":{"line":8,"column":6},"end":{"line":8,"column":29}},"4":{"start":{"line":10,"column":6},"end":{"line":10,"column":29}},"5":{"start":{"line":12,"column":6},"end":{"line":12,"column":51}}},"fnMap":{"0":{"name":"(anonymous_0)","decl":{"start":{"line":3,"column":14},"end":{"line":3,"column":15}},"loc":{"start":{"line":3,"column":32},"end":{"line":14,"column":1}},"line":3}},"branchMap":{"0":{"loc":{"start":{"line":4,"column":2},"end":{"line":13,"column":3}},"type":"switch","locations":[{"start":{"line":5,"column":4},"end":{"line":6,"column":30}},{"start":{"line":7,"column":4},"end":{"line":8,"column":29}},{"start":{"line":9,"column":4},"end":{"line":10,"column":29}},{"start":{"line":11,"column":4},"end":{"line":12,"column":51}}],"line":4}},"s":{"0":1,"1":24,"2":8,"3":8,"4":8,"5":0},"f":{"0":24},"b":{"0":[8,8,8,0]},"_coverageSchema":"1a1c01bbd47fc00a2c39e90264f33305004495a9","hash":"14fedc95afb6942b9a2fcc1bc8fe74c05983ba87"}
,"/home/admin1/frontend-project-46/src/utils.js": {"path":"/home/admin1/frontend-project-46/src/utils.js","statementMap":{"0":{"start":{"line":4,"column":28},"end":{"line":4,"column":79}},"1":{"start":{"line":4,"column":42},"end":{"line":4,"column":79}},"2":{"start":{"line":5,"column":25},"end":{"line":5,"column":74}},"3":{"start":{"line":5,"column":39},"end":{"line":5,"column":74}},"4":{"start":{"line":6,"column":24},"end":{"line":6,"column":93}},"5":{"start":{"line":6,"column":38},"end":{"line":6,"column":93}}},"fnMap":{"0":{"name":"(anonymous_0)","decl":{"start":{"line":4,"column":28},"end":{"line":4,"column":29}},"loc":{"start":{"line":4,"column":42},"end":{"line":4,"column":79}},"line":4},"1":{"name":"(anonymous_1)","decl":{"start":{"line":5,"column":25},"end":{"line":5,"column":26}},"loc":{"start":{"line":5,"column":39},"end":{"line":5,"column":74}},"line":5},"2":{"name":"(anonymous_2)","decl":{"start":{"line":6,"column":24},"end":{"line":6,"column":25}},"loc":{"start":{"line":6,"column":38},"end":{"line":6,"column":93}},"line":6}},"branchMap":{},"s":{"0":1,"1":24,"2":1,"3":24,"4":1,"5":24},"f":{"0":24,"1":24,"2":24},"b":{},"_coverageSchema":"1a1c01bbd47fc00a2c39e90264f33305004495a9","hash":"ae3b09877d07da8159834af1677dfa02617bbce4"}
,"/home/admin1/frontend-project-46/src/formatter/index.js": {"path":"/home/admin1/frontend-project-46/src/formatter/index.js","statementMap":{"0":{"start":{"line":4,"column":18},"end":{"line":15,"column":1}},"1":{"start":{"line":5,"column":2},"end":{"line":14,"column":3}},"2":{"start":{"line":7,"column":6},"end":{"line":7,"column":27}},"3":{"start":{"line":9,"column":6},"end":{"line":9,"column":25}},"4":{"start":{"line":11,"column":6},"end":{"line":11,"column":45}},"5":{"start":{"line":13,"column":6},"end":{"line":13,"column":51}}},"fnMap":{"0":{"name":"(anonymous_0)","decl":{"start":{"line":4,"column":18},"end":{"line":4,"column":19}},"loc":{"start":{"line":4,"column":36},"end":{"line":15,"column":1}},"line":4}},"branchMap":{"0":{"loc":{"start":{"line":5,"column":2},"end":{"line":14,"column":3}},"type":"switch","locations":[{"start":{"line":6,"column":4},"end":{"line":7,"column":27}},{"start":{"line":8,"column":4},"end":{"line":9,"column":25}},{"start":{"line":10,"column":4},"end":{"line":11,"column":45}},{"start":{"line":12,"column":4},"end":{"line":13,"column":51}}],"line":5}},"s":{"0":1,"1":12,"2":6,"3":3,"4":3,"5":0},"f":{"0":12},"b":{"0":[6,3,3,0]},"_coverageSchema":"1a1c01bbd47fc00a2c39e90264f33305004495a9","hash":"fa93f27b5ddcf1a774e75bb723f55a3eaf5924e3"}
,"/home/admin1/frontend-project-46/src/formatter/plain.js": {"path":"/home/admin1/frontend-project-46/src/formatter/plain.js","statementMap":{"0":{"start":{"line":3,"column":16},"end":{"line":3,"column":35}},"1":{"start":{"line":3,"column":26},"end":{"line":3,"column":35}},"2":{"start":{"line":4,"column":20},"end":{"line":4,"column":43}},"3":{"start":{"line":4,"column":30},"end":{"line":4,"column":43}},"4":{"start":{"line":5,"column":16},"end":{"line":5,"column":74}},"5":{"start":{"line":5,"column":28},"end":{"line":5,"column":73}},"6":{"start":{"line":6,"column":17},"end":{"line":6,"column":96}},"7":{"start":{"line":6,"column":28},"end":{"line":6,"column":95}},"8":{"start":{"line":8,"column":14},"end":{"line":29,"column":1}},"9":{"start":{"line":9,"column":15},"end":{"line":27,"column":3}},"10":{"start":{"line":10,"column":19},"end":{"line":25,"column":6}},"11":{"start":{"line":11,"column":6},"end":{"line":24,"column":7}},"12":{"start":{"line":13,"column":10},"end":{"line":13,"column":109}},"13":{"start":{"line":15,"column":10},"end":{"line":15,"column":66}},"14":{"start":{"line":17,"column":10},"end":{"line":17,"column":20}},"15":{"start":{"line":19,"column":10},"end":{"line":19,"column":143}},"16":{"start":{"line":21,"column":10},"end":{"line":21,"column":69}},"17":{"start":{"line":23,"column":10},"end":{"line":23,"column":44}},"18":{"start":{"line":26,"column":4},"end":{"line":26,"column":29}},"19":{"start":{"line":28,"column":2},"end":{"line":28,"column":20}}},"fnMap":{"0":{"name":"(anonymous_0)","decl":{"start":{"line":3,"column":16},"end":{"line":3,"column":17}},"loc":{"start":{"line":3,"column":26},"end":{"line":3,"column":35}},"line":3},"1":{"name":"(anonymous_1)","decl":{"start":{"line":4,"column":20},"end":{"line":4,"column":21}},"loc":{"start":{"line":4,"column":30},"end":{"line":4,"column":43}},"line":4},"2":{"name":"(anonymous_2)","decl":{"start":{"line":5,"column":16},"end":{"line":5,"column":17}},"loc":{"start":{"line":5,"column":28},"end":{"line":5,"column":73}},"line":5},"3":{"name":"(anonymous_3)","decl":{"start":{"line":6,"column":17},"end":{"line":6,"column":18}},"loc":{"start":{"line":6,"column":28},"end":{"line":6,"column":95}},"line":6},"4":{"name":"(anonymous_4)","decl":{"start":{"line":8,"column":14},"end":{"line":8,"column":15}},"loc":{"start":{"line":8,"column":24},"end":{"line":29,"column":1}},"line":8},"5":{"name":"(anonymous_5)","decl":{"start":{"line":9,"column":15},"end":{"line":9,"column":16}},"loc":{"start":{"line":9,"column":36},"end":{"line":27,"column":3}},"line":9},"6":{"name":"(anonymous_6)","decl":{"start":{"line":10,"column":32},"end":{"line":10,"column":33}},"loc":{"start":{"line":10,"column":42},"end":{"line":25,"column":5}},"line":10}},"branchMap":{"0":{"loc":{"start":{"line":5,"column":28},"end":{"line":5,"column":73}},"type":"cond-expr","locations":[{"start":{"line":5,"column":48},"end":{"line":5,"column":65}},{"start":{"line":5,"column":68},"end":{"line":5,"column":73}}],"line":5},"1":{"loc":{"start":{"line":6,"column":28},"end":{"line":6,"column":95}},"type":"cond-expr","locations":[{"start":{"line":6,"column":77},"end":{"line":6,"column":88}},{"start":{"line":6,"column":91},"end":{"line":6,"column":95}}],"line":6},"2":{"loc":{"start":{"line":6,"column":28},"end":{"line":6,"column":74}},"type":"binary-expr","locations":[{"start":{"line":6,"column":28},"end":{"line":6,"column":44}},{"start":{"line":6,"column":48},"end":{"line":6,"column":74}}],"line":6},"3":{"loc":{"start":{"line":9,"column":22},"end":{"line":9,"column":31}},"type":"default-arg","locations":[{"start":{"line":9,"column":29},"end":{"line":9,"column":31}}],"line":9},"4":{"loc":{"start":{"line":11,"column":6},"end":{"line":24,"column":7}},"type":"switch","locations":[{"start":{"line":12,"column":8},"end":{"line":13,"column":109}},{"start":{"line":14,"column":8},"end":{"line":15,"column":66}},{"start":{"line":16,"column":8},"end":{"line":17,"column":20}},{"start":{"line":18,"column":8},"end":{"line":19,"column":143}},{"start":{"line":20,"column":8},"end":{"line":21,"column":69}},{"start":{"line":22,"column":8},"end":{"line":23,"column":44}}],"line":11}},"s":{"0":1,"1":45,"2":1,"3":12,"4":1,"5":39,"6":1,"7":39,"8":1,"9":3,"10":15,"11":54,"12":15,"13":6,"14":9,"15":12,"16":12,"17":0,"18":15,"19":3},"f":{"0":45,"1":12,"2":39,"3":39,"4":3,"5":15,"6":54},"b":{"0":[9,30],"1":[21,18],"2":[39,30],"3":[3],"4":[15,6,9,12,12,0]},"_coverageSchema":"1a1c01bbd47fc00a2c39e90264f33305004495a9","hash":"60889d5c1d5dcbccda42f97bcb72d5270ce05d83"}
,"/home/admin1/frontend-project-46/src/formatter/stylish.js": {"path":"/home/admin1/frontend-project-46/src/formatter/stylish.js","statementMap":{"0":{"start":{"line":3,"column":18},"end":{"line":3,"column":104}},"1":{"start":{"line":3,"column":62},"end":{"line":3,"column":104}},"2":{"start":{"line":5,"column":18},"end":{"line":11,"column":1}},"3":{"start":{"line":6,"column":2},"end":{"line":8,"column":3}},"4":{"start":{"line":7,"column":4},"end":{"line":7,"column":26}},"5":{"start":{"line":9,"column":17},"end":{"line":9,"column":131}},"6":{"start":{"line":9,"column":65},"end":{"line":9,"column":130}},"7":{"start":{"line":10,"column":2},"end":{"line":10,"column":59}},"8":{"start":{"line":12,"column":16},"end":{"line":33,"column":1}},"9":{"start":{"line":13,"column":15},"end":{"line":31,"column":3}},"10":{"start":{"line":14,"column":19},"end":{"line":29,"column":6}},"11":{"start":{"line":15,"column":6},"end":{"line":28,"column":7}},"12":{"start":{"line":17,"column":10},"end":{"line":17,"column":115}},"13":{"start":{"line":19,"column":10},"end":{"line":19,"column":86}},"14":{"start":{"line":21,"column":10},"end":{"line":21,"column":86}},"15":{"start":{"line":23,"column":10},"end":{"line":23,"column":86}},"16":{"start":{"line":25,"column":10},"end":{"line":25,"column":156}},"17":{"start":{"line":27,"column":10},"end":{"line":27,"column":44}},"18":{"start":{"line":30,"column":4},"end":{"line":30,"column":29}},"19":{"start":{"line":32,"column":2},"end":{"line":32,"column":31}}},"fnMap":{"0":{"name":"(anonymous_0)","decl":{"start":{"line":3,"column":18},"end":{"line":3,"column":19}},"loc":{"start":{"line":3,"column":62},"end":{"line":3,"column":104}},"line":3},"1":{"name":"(anonymous_1)","decl":{"start":{"line":5,"column":18},"end":{"line":5,"column":19}},"loc":{"start":{"line":5,"column":44},"end":{"line":11,"column":1}},"line":5},"2":{"name":"(anonymous_2)","decl":{"start":{"line":9,"column":47},"end":{"line":9,"column":48}},"loc":{"start":{"line":9,"column":65},"end":{"line":9,"column":130}},"line":9},"3":{"name":"(anonymous_3)","decl":{"start":{"line":12,"column":16},"end":{"line":12,"column":17}},"loc":{"start":{"line":12,"column":26},"end":{"line":33,"column":1}},"line":12},"4":{"name":"(anonymous_4)","decl":{"start":{"line":13,"column":15},"end":{"line":13,"column":16}},"loc":{"start":{"line":13,"column":36},"end":{"line":31,"column":3}},"line":13},"5":{"name":"(anonymous_5)","decl":{"start":{"line":14,"column":28},"end":{"line":14,"column":29}},"loc":{"start":{"line":14,"column":38},"end":{"line":29,"column":5}},"line":14}},"branchMap":{"0":{"loc":{"start":{"line":3,"column":26},"end":{"line":3,"column":40}},"type":"default-arg","locations":[{"start":{"line":3,"column":37},"end":{"line":3,"column":40}}],"line":3},"1":{"loc":{"start":{"line":3,"column":42},"end":{"line":3,"column":57}},"type":"default-arg","locations":[{"start":{"line":3,"column":56},"end":{"line":3,"column":57}}],"line":3},"2":{"loc":{"start":{"line":5,"column":30},"end":{"line":5,"column":39}},"type":"default-arg","locations":[{"start":{"line":5,"column":38},"end":{"line":5,"column":39}}],"line":5},"3":{"loc":{"start":{"line":6,"column":2},"end":{"line":8,"column":3}},"type":"if","locations":[{"start":{"line":6,"column":2},"end":{"line":8,"column":3}},{"start":{},"end":{}}],"line":6},"4":{"loc":{"start":{"line":13,"column":22},"end":{"line":13,"column":31}},"type":"default-arg","locations":[{"start":{"line":13,"column":30},"end":{"line":13,"column":31}}],"line":13},"5":{"loc":{"start":{"line":15,"column":6},"end":{"line":28,"column":7}},"type":"switch","locations":[{"start":{"line":16,"column":8},"end":{"line":17,"column":115}},{"start":{"line":18,"column":8},"end":{"line":19,"column":86}},{"start":{"line":20,"column":8},"end":{"line":21,"column":86}},{"start":{"line":22,"column":8},"end":{"line":23,"column":86}},{"start":{"line":24,"column":8},"end":{"line":25,"column":156}},{"start":{"line":26,"column":8},"end":{"line":27,"column":44}}],"line":15}},"s":{"0":1,"1":252,"2":1,"3":162,"4":120,"5":42,"6":54,"7":42,"8":1,"9":6,"10":30,"11":108,"12":24,"13":30,"14":12,"15":18,"16":24,"17":0,"18":30,"19":6},"f":{"0":252,"1":162,"2":54,"3":6,"4":30,"5":108},"b":{"0":[252],"1":[252],"2":[0],"3":[120,42],"4":[6],"5":[24,30,12,18,24,0]},"_coverageSchema":"1a1c01bbd47fc00a2c39e90264f33305004495a9","hash":"43d0a308bb6e06cd1edfa4372acaa1bc378a19ad"}
}
