TN:
SF:src/buildTree.js
FN:3,(anonymous_0)
FN:9,(anonymous_1)
FNF:2
FNH:2
FNDA:60,(anonymous_0)
FNDA:216,(anonymous_1)
DA:3,1
DA:4,60
DA:5,60
DA:7,60
DA:9,60
DA:10,216
DA:11,24
DA:13,192
DA:14,60
DA:16,132
DA:17,48
DA:19,84
DA:20,36
DA:22,48
DA:26,60
LF:15
LH:15
BRDA:10,0,0,24
BRDA:10,0,1,192
BRDA:13,1,0,60
BRDA:13,1,1,132
BRDA:16,2,0,48
BRDA:16,2,1,84
BRDA:16,3,0,132
BRDA:16,3,1,60
BRDA:19,4,0,36
BRDA:19,4,1,48
BRF:10
BRH:10
end_of_record
TN:
SF:src/index.js
FN:6,(anonymous_0)
FNF:1
FNH:1
FNDA:12,(anonymous_0)
DA:6,1
DA:7,12
DA:8,12
DA:9,12
DA:10,12
DA:11,12
DA:12,12
LF:7
LH:7
BRDA:6,0,0,3
BRF:1
BRH:1
end_of_record
TN:
SF:src/parsers.js
FN:3,(anonymous_0)
FNF:1
FNH:1
FNDA:24,(anonymous_0)
DA:3,1
DA:4,24
DA:6,8
DA:8,8
DA:10,8
DA:12,0
LF:6
LH:5
BRDA:4,0,0,8
BRDA:4,0,1,8
BRDA:4,0,2,8
BRDA:4,0,3,0
BRF:4
BRH:3
end_of_record
TN:
SF:src/utils.js
FN:4,(anonymous_0)
FN:5,(anonymous_1)
FN:6,(anonymous_2)
FNF:3
FNH:3
FNDA:24,(anonymous_0)
FNDA:24,(anonymous_1)
FNDA:24,(anonymous_2)
DA:4,24
DA:5,24
DA:6,24
LF:3
LH:3
BRF:0
BRH:0
end_of_record
TN:
SF:src/formatter/index.js
FN:4,(anonymous_0)
FNF:1
FNH:1
FNDA:12,(anonymous_0)
DA:4,1
DA:5,12
DA:7,6
DA:9,3
DA:11,3
DA:13,0
LF:6
LH:5
BRDA:5,0,0,6
BRDA:5,0,1,3
BRDA:5,0,2,3
BRDA:5,0,3,0
BRF:4
BRH:3
end_of_record
TN:
SF:src/formatter/plain.js
FN:3,(anonymous_0)
FN:4,(anonymous_1)
FN:5,(anonymous_2)
FN:6,(anonymous_3)
FN:8,(anonymous_4)
FN:9,(anonymous_5)
FN:10,(anonymous_6)
FNF:7
FNH:7
FNDA:45,(anonymous_0)
FNDA:12,(anonymous_1)
FNDA:39,(anonymous_2)
FNDA:39,(anonymous_3)
FNDA:3,(anonymous_4)
FNDA:15,(anonymous_5)
FNDA:54,(anonymous_6)
DA:3,45
DA:4,12
DA:5,39
DA:6,39
DA:8,1
DA:9,3
DA:10,15
DA:11,54
DA:13,15
DA:15,6
DA:17,9
DA:19,12
DA:21,12
DA:23,0
DA:26,15
DA:28,3
LF:16
LH:15
BRDA:5,0,0,9
BRDA:5,0,1,30
BRDA:6,1,0,21
BRDA:6,1,1,18
BRDA:6,2,0,39
BRDA:6,2,1,30
BRDA:9,3,0,3
BRDA:11,4,0,15
BRDA:11,4,1,6
BRDA:11,4,2,9
BRDA:11,4,3,12
BRDA:11,4,4,12
BRDA:11,4,5,0
BRF:13
BRH:12
end_of_record
TN:
SF:src/formatter/stylish.js
FN:3,(anonymous_0)
FN:5,(anonymous_1)
FN:9,(anonymous_2)
FN:12,(anonymous_3)
FN:13,(anonymous_4)
FN:14,(anonymous_5)
FNF:6
FNH:6
FNDA:252,(anonymous_0)
FNDA:162,(anonymous_1)
FNDA:54,(anonymous_2)
FNDA:6,(anonymous_3)
FNDA:30,(anonymous_4)
FNDA:108,(anonymous_5)
DA:3,252
DA:5,1
DA:6,162
DA:7,120
DA:9,54
DA:10,42
DA:12,1
DA:13,6
DA:14,30
DA:15,108
DA:17,24
DA:19,30
DA:21,12
DA:23,18
DA:25,24
DA:27,0
DA:30,30
DA:32,6
LF:18
LH:17
BRDA:3,0,0,252
BRDA:3,1,0,252
BRDA:5,2,0,0
BRDA:6,3,0,120
BRDA:6,3,1,42
BRDA:13,4,0,6
BRDA:15,5,0,24
BRDA:15,5,1,30
BRDA:15,5,2,12
BRDA:15,5,3,18
BRDA:15,5,4,24
BRDA:15,5,5,0
BRF:12
BRH:10
end_of_record
