TN:
SF:src/buildTree.js
FN:3,(anonymous_0)
FN:9,(anonymous_1)
FNF:2
FNH:2
FNDA:25,(anonymous_0)
FNDA:90,(anonymous_1)
DA:3,1
DA:4,25
DA:5,25
DA:7,25
DA:9,25
DA:10,90
DA:11,10
DA:13,80
DA:14,25
DA:16,55
DA:17,20
DA:19,35
DA:20,15
DA:22,20
DA:26,25
LF:15
LH:15
BRDA:10,0,0,10
BRDA:10,0,1,80
BRDA:13,1,0,25
BRDA:13,1,1,55
BRDA:16,2,0,20
BRDA:16,2,1,35
BRDA:16,3,0,55
BRDA:16,3,1,25
BRDA:19,4,0,15
BRDA:19,4,1,20
BRF:10
BRH:10
end_of_record
TN:
SF:src/index.js
FN:6,(anonymous_0)
FNF:1
FNH:1
FNDA:6,(anonymous_0)
DA:6,1
DA:7,6
DA:8,5
DA:9,5
DA:10,5
DA:11,5
DA:12,5
LF:7
LH:7
BRDA:6,0,0,4
BRF:1
BRH:1
end_of_record
TN:
SF:src/parsers.js
FN:3,(anonymous_0)
FNF:1
FNH:1
FNDA:10,(anonymous_0)
DA:3,1
DA:4,10
DA:6,3
DA:8,4
DA:10,3
DA:12,0
LF:6
LH:5
BRDA:4,0,0,3
BRDA:4,0,1,4
BRDA:4,0,2,3
BRDA:4,0,3,0
BRF:4
BRH:3
end_of_record
TN:
SF:src/utils.js
FN:4,(anonymous_0)
FN:5,(anonymous_1)
FN:6,(anonymous_2)
FNF:3
FNH:3
FNDA:11,(anonymous_0)
FNDA:10,(anonymous_1)
FNDA:11,(anonymous_2)
DA:4,11
DA:5,10
DA:6,11
LF:3
LH:3
BRF:0
BRH:0
end_of_record
TN:
SF:src/formatter/index.js
FN:4,(anonymous_0)
FNF:1
FNH:1
FNDA:5,(anonymous_0)
DA:4,1
DA:5,5
DA:7,3
DA:9,1
DA:11,0
DA:13,1
LF:6
LH:5
BRDA:5,0,0,3
BRDA:5,0,1,1
BRDA:5,0,2,0
BRDA:5,0,3,1
BRF:4
BRH:3
end_of_record
TN:
SF:src/formatter/plain.js
FN:3,(anonymous_0)
FN:4,(anonymous_1)
FN:5,(anonymous_2)
FN:6,(anonymous_3)
FN:8,(anonymous_4)
FN:9,(anonymous_5)
FN:10,(anonymous_6)
FNF:7
FNH:7
FNDA:15,(anonymous_0)
FNDA:4,(anonymous_1)
FNDA:13,(anonymous_2)
FNDA:13,(anonymous_3)
FNDA:1,(anonymous_4)
FNDA:5,(anonymous_5)
FNDA:18,(anonymous_6)
DA:3,15
DA:4,4
DA:5,13
DA:6,13
DA:8,1
DA:9,1
DA:10,5
DA:11,18
DA:13,5
DA:15,2
DA:17,3
DA:19,4
DA:21,4
DA:23,0
DA:26,5
DA:28,1
LF:16
LH:15
BRDA:5,0,0,3
BRDA:5,0,1,10
BRDA:6,1,0,7
BRDA:6,1,1,6
BRDA:6,2,0,13
BRDA:6,2,1,10
BRDA:9,3,0,1
BRDA:11,4,0,5
BRDA:11,4,1,2
BRDA:11,4,2,3
BRDA:11,4,3,4
BRDA:11,4,4,4
BRDA:11,4,5,0
BRF:13
BRH:12
end_of_record
TN:
SF:src/formatter/stylish.js
FN:3,(anonymous_0)
FN:5,(anonymous_1)
FN:9,(anonymous_2)
FN:12,(anonymous_3)
FN:13,(anonymous_4)
FN:14,(anonymous_5)
FNF:6
FNH:6
FNDA:126,(anonymous_0)
FNDA:81,(anonymous_1)
FNDA:27,(anonymous_2)
FNDA:3,(anonymous_3)
FNDA:15,(anonymous_4)
FNDA:54,(anonymous_5)
DA:3,126
DA:5,1
DA:6,81
DA:7,60
DA:9,27
DA:10,21
DA:12,1
DA:13,3
DA:14,15
DA:15,54
DA:17,12
DA:19,15
DA:21,6
DA:23,9
DA:25,12
DA:27,0
DA:30,15
DA:32,3
LF:18
LH:17
BRDA:3,0,0,126
BRDA:3,1,0,126
BRDA:5,2,0,0
BRDA:6,3,0,60
BRDA:6,3,1,21
BRDA:13,4,0,3
BRDA:15,5,0,12
BRDA:15,5,1,15
BRDA:15,5,2,6
BRDA:15,5,3,9
BRDA:15,5,4,12
BRDA:15,5,5,0
BRF:12
BRH:10
end_of_record
